# SPRINT 1 - LOG DE DESARROLLO

**Proyecto:** Sistema de Gestión de Prácticas FCT  
**Desarrollador:** Alberto Jiménez Hernández  
**Fecha Inicio:** 17/11/2025  
**Fecha Fin:** 17/11/2025  
**Duración:** 1 Sprint  

---

## HISTORIAS DE USUARIO IMPLEMENTADAS

### HU-01: Autenticación de Usuarios (RF-001)
**Descripción:** Implementación del sistema de login con credenciales únicas  
**Prioridad:** ALTA  
**Estado:** ✅ COMPLETADA

**Tareas Realizadas:**
- [x] Diseño de la tabla usuario en la base de datos
- [x] Creación del modelo Usuario.php con métodos de autenticación
- [x] Implementación de validación de email y contraseña
- [x] Desarrollo del controlador auth.php
- [x] Creación de la vista de login responsive
- [x] Sistema de gestión de sesiones PHP
- [x] Implementación de redirección según rol
- [x] Mensajes de error y feedback al usuario
- [x] Sistema de timeout de sesión (1 hora)

**Criterios de Aceptación Cumplidos:**
- ✅ Pantalla de login con campos de email y contraseña
- ✅ Validación de formato de email
- ✅ Contraseña mínima de 8 caracteres
- ✅ Generación de sesión PHP tras login correcto
- ✅ Mensaje 'Credenciales inválidas' si fallan
- ✅ Redirección al dashboard según rol
- ✅ Enlace "Olvidé mi contraseña" (preparado para futura implementación)

**Notas Técnicas:**
- Uso de password_verify() para validación segura de contraseñas
- Contraseñas almacenadas con bcrypt ($2y$10$)
- Sistema de sesiones PHP nativo (en lugar de JWT para simplicidad)
- Control de acceso basado en roles (RBAC)

---

### HU-02: Registro de Ficha de Seguimiento Diaria (RF-003)
**Descripción:** Permite al estudiante registrar sus actividades diarias en la empresa  
**Prioridad:** ALTA  
**Estado:** ✅ COMPLETADA

**Tareas Realizadas:**
- [x] Diseño de tabla ficha_seguimiento en BD
- [x] Creación del modelo FichaSeguimiento.php
- [x] Desarrollo de métodos crear() y actualizar()
- [x] Controlador estudiante.php con acciones CRUD
- [x] Vista nueva_ficha.php con formulario completo
- [x] Vista editar_ficha.php para modificar fichas pendientes
- [x] Vista ver_ficha.php para visualizar detalles
- [x] Sistema de selección de competencias por categorías
- [x] Validación de datos en servidor y cliente
- [x] Sistema de valoración con estrellas (1-5)
- [x] Contador de caracteres JavaScript
- [x] Restricción: solo una ficha por fecha

**Criterios de Aceptación Cumplidos:**
- ✅ Formulario de 'Nueva Ficha de Seguimiento'
- ✅ Fecha actual por defecto
- ✅ Hora de entrada y hora de salida
- ✅ Campo descripción (mínimo 50 caracteres)
- ✅ Selector múltiple de competencias organizadas por categoría
- ✅ Campo opcional de dificultades
- ✅ Valoración personal 1-5 estrellas
- ✅ Estado 'Pendiente de validación' al guardar
- ✅ El estudiante puede editar hasta que sea validada
- ✅ Ficha de solo lectura una vez validada

**Notas Técnicas:**
- Cálculo automático de horas_dia mediante columna GENERATED en MySQL
- Validación de longitud mínima descripción (50 caracteres)
- Competencias almacenadas como IDs separados por comas
- Sistema de feedback con mensajes $_SESSION
- Diseño responsive mobile-first

---

### HU-03: Validación de Fichas de Seguimiento (RF-003)
**Descripción:** El tutor de empresa puede revisar y validar las fichas de sus estudiantes  
**Prioridad:** ALTA  
**Estado:** ✅ COMPLETADA

**Tareas Realizadas:**
- [x] Desarrollo del controlador tutor.php
- [x] Método obtenerPendientesPorTutor() en modelo
- [x] Vista dashboard.php del tutor
- [x] Vista fichas_pendientes.php con listado
- [x] Vista validar_ficha.php con detalle completo
- [x] Implementación de método validar() en modelo
- [x] Formulario de validación con comentarios
- [x] Botones Aprobar/Rechazar con confirmación
- [x] Actualización automática de horas mediante trigger
- [x] Sistema de notificaciones al estudiante (mediante sesión)
- [x] Control de permisos (tutor solo ve sus estudiantes)

**Criterios de Aceptación Cumplidos:**
- ✅ Lista de 'Fichas Pendientes de Validación'
- ✅ Muestra estudiante, fecha y resumen
- ✅ Detalle completo al hacer clic
- ✅ Tutor puede añadir comentarios
- ✅ Botones 'Aprobar' o 'Rechazar'
- ✅ Si aprueba → estado 'Validada'
- ✅ Si rechaza → debe indicar motivo (obligatorio)
- ✅ Notificación al estudiante (mediante mensajes en sesión)
- ✅ Horas sumadas al contador total

**Notas Técnicas:**
- Trigger MySQL actualiza horas_realizadas en tabla asignacion
- Validación JavaScript para comentarios obligatorios en rechazo
- Sistema de badges de colores según estado
- Dashboard del tutor muestra resumen de fichas pendientes
- Vista previa de estudiantes asignados con progreso

---

## ARQUITECTURA IMPLEMENTADA

### Base de Datos (MySQL)
```
- usuario (autenticación y datos comunes)
- estudiante (perfil estudiante)
- tutor_empresa (perfil tutor)
- coordinador (perfil coordinador - preparado)
- empresa (datos de empresas)
- asignacion (relación estudiante-empresa-tutor)
- ficha_seguimiento (fichas diarias)
- competencia (competencias profesionales)
- evaluacion (preparado para futuros sprints)
- incidencia (preparado para futuros sprints)
- mensaje (preparado para futuros sprints)
```

### Backend (PHP)
**Patrón:** MVC (Modelo-Vista-Controlador)

**Modelos:**
- Usuario.php (autenticación, gestión usuarios)
- FichaSeguimiento.php (CRUD fichas)
- Asignacion.php (relaciones estudiante-empresa)
- Competencia.php (gestión competencias)

**Controladores:**
- auth.php (login, logout, verificación)
- estudiante.php (dashboard, fichas CRUD)
- tutor.php (dashboard, validación fichas)

**Vistas:**
- auth/login.php
- estudiante/dashboard.php, nueva_ficha.php, ver_ficha.php
- tutor/dashboard.php, validar_ficha.php

### Frontend
- **HTML5:** Estructura semántica
- **CSS3:** Variables CSS, Grid, Flexbox, diseño responsive
- **JavaScript:** Validación formularios, interactividad

---

## DATOS DE PRUEBA

### Usuarios Creados
1. **Estudiante:** carlos.martinez@ejemplo.com / password123
2. **Tutor Empresa:** tutor.empresa1@techcorp.com / password123
3. **Coordinador:** coordinador@iescastelar.es / password123

### Datos Iniciales
- 3 estudiantes de DAW 2º
- 2 empresas (TechCorp, InnovaSoft)
- 2 tutores de empresa
- 8 competencias de DAW
- 3 asignaciones activas
- 3 fichas de ejemplo pendientes

---

## TESTING REALIZADO

### Pruebas Funcionales
- [x] Login con credenciales correctas
- [x] Login con credenciales incorrectas
- [x] Validación de formato email
- [x] Validación longitud contraseña
- [x] Redirección según rol
- [x] Timeout de sesión
- [x] Crear ficha con datos válidos
- [x] Validación descripción mínimo 50 caracteres
- [x] Selección de competencias
- [x] Editar ficha pendiente
- [x] No poder editar ficha validada
- [x] Validar ficha sin comentarios (aprobar)
- [x] Rechazar ficha sin comentarios (error)
- [x] Actualización automática de horas

### Pruebas de Seguridad
- [x] SQL Injection (protección con PDO prepared statements)
- [x] XSS (htmlspecialchars en todas las salidas)
- [x] Control de acceso por roles
- [x] Verificación de permisos en acciones
- [x] Sesiones seguras

### Pruebas Responsive
- [x] Mobile (320px-480px)
- [x] Tablet (768px-1024px)
- [x] Desktop (1280px+)

---

## MÉTRICAS DEL SPRINT

**Líneas de Código:**
- PHP: ~2,500 líneas
- SQL: ~350 líneas
- HTML/PHP: ~1,200 líneas
- CSS: ~800 líneas
- JavaScript: ~100 líneas
- **TOTAL:** ~4,950 líneas

**Archivos Creados:**
- Modelos: 4
- Controladores: 3
- Vistas: 7
- SQL: 2
- CSS: 1
- Config: 2
- **TOTAL:** 19 archivos

**Tiempo Estimado:** 8-10 horas de desarrollo

---

## PROBLEMAS ENCONTRADOS Y SOLUCIONES

### Problema 1: Cálculo automático de horas
**Descripción:** Necesidad de calcular automáticamente las horas del día  
**Solución:** Columna GENERATED en MySQL que calcula la diferencia entre entrada y salida

### Problema 2: Actualización de horas totales
**Descripción:** Mantener sincronizadas las horas realizadas en la asignación  
**Solución:** Trigger MySQL que actualiza horas_realizadas al validar fichas

### Problema 3: Competencias por categoría
**Descripción:** Mostrar competencias organizadas en el formulario  
**Solución:** Método obtenerPorCategoria() que agrupa competencias

### Problema 4: Validación de una ficha por fecha
**Descripción:** Evitar duplicados de fichas para la misma fecha  
**Solución:** Constraint UNIQUE en BD (asignacion_id, fecha)

---

## MEJORAS FUTURAS IDENTIFICADAS

### Para Sprint 2
- [ ] Implementar HU-04: Visualización detallada de estudiantes
- [ ] Implementar HU-05: Control de asistencia y progreso
- [ ] Dashboard con gráficos de progreso
- [ ] Exportación de fichas a PDF

### Para Sprint 3
- [ ] HU-06: Sistema de incidencias
- [ ] HU-07: Evaluación de competencias
- [ ] Sistema de mensajería interna
- [ ] Notificaciones por email

### Mejoras Técnicas
- [ ] Implementar sistema de logs
- [ ] Añadir validación AJAX en formularios
- [ ] Implementar paginación en listados
- [ ] Optimizar consultas SQL con índices
- [ ] Añadir caché de consultas frecuentes

---

## CONCLUSIONES DEL SPRINT 1

✅ **Objetivos Alcanzados:**
- Sistema de autenticación funcional y seguro
- Estudiantes pueden registrar fichas de seguimiento
- Tutores pueden validar fichas de forma intuitiva
- Base de datos robusta y normalizada
- Interfaz responsive y moderna
- Código limpio y bien estructurado

✅ **Calidad del Código:**
- Arquitectura MVC implementada correctamente
- Separación de responsabilidades
- Código reutilizable y mantenible
- Comentarios en funciones clave
- Validación en cliente y servidor

✅ **Experiencia de Usuario:**
- Interfaz intuitiva y fácil de usar
- Mensajes claros de error y éxito
- Diseño responsive mobile-first
- Navegación fluida entre secciones

🎯 **Resultado:** Sprint 1 completado exitosamente con las 3 historias de usuario implementadas y funcionando correctamente.

---

**Próximo Sprint:** Implementar HU-04, HU-05 y HU-06 (Visualización estudiantes, Control asistencia, Incidencias)

---

_Documento generado el 17/11/2025_
